Using pre-set license
Built from '2020.3/staging' branch; Version is '2020.3.25f1 (9b9180224418) revision 10195328'; Using compiler version '192528614'; Build Type 'Release'
OS: 'Windows 11  (10.0.22000) 64bit Professional' Language: 'en' Physical Memory: 16236 MB
BatchMode: 1, IsHumanControllingUs: 0, StartBugReporterOnCrash: 0, Is64bit: 1, IsPro: 0

COMMAND LINE ARGUMENTS:
C:\Program Files\Unity\Hub\Editor\2020.3.25f1\Editor\Unity.exe
-adb2
-batchMode
-noUpm
-name
AssetImportWorker0
-projectPath
D:/COURSES YEAR 2/COMP 1826 Games Technology/TERM 2/Coursework-2---Games-Technology-Repo/Coursework 2 - Games Technology
-logFile
Logs/AssetImportWorker0.log
-srvPort
64652
Successfully changed project path to: D:/COURSES YEAR 2/COMP 1826 Games Technology/TERM 2/Coursework-2---Games-Technology-Repo/Coursework 2 - Games Technology
D:/COURSES YEAR 2/COMP 1826 Games Technology/TERM 2/Coursework-2---Games-Technology-Repo/Coursework 2 - Games Technology
Using Asset Import Pipeline V2.
Refreshing native plugins compatible for Editor in 56.19 ms, found 2 plugins.
Preloading 0 native plugins for Editor in 0.00 ms.
Initialize engine version: 2020.3.25f1 (9b9180224418)
[Subsystems] Discovering subsystems at path C:/Program Files/Unity/Hub/Editor/2020.3.25f1/Editor/Data/Resources/UnitySubsystems
[Subsystems] Discovering subsystems at path D:/COURSES YEAR 2/COMP 1826 Games Technology/TERM 2/Coursework-2---Games-Technology-Repo/Coursework 2 - Games Technology/Assets
GfxDevice: creating device client; threaded=0
Direct3D:
    Version:  Direct3D 11.0 [level 11.1]
    Renderer: NVIDIA GeForce RTX 3060 Laptop GPU (ID=0x2560)
    Vendor:   
    VRAM:     6023 MB
    Driver:   30.0.15.1165
Initialize mono
Mono path[0] = 'C:/Program Files/Unity/Hub/Editor/2020.3.25f1/Editor/Data/Managed'
Mono path[1] = 'C:/Program Files/Unity/Hub/Editor/2020.3.25f1/Editor/Data/MonoBleedingEdge/lib/mono/unityjit'
Mono config path = 'C:/Program Files/Unity/Hub/Editor/2020.3.25f1/Editor/Data/MonoBleedingEdge/etc'
Using monoOptions --debugger-agent=transport=dt_socket,embedding=1,server=y,suspend=n,address=127.0.0.1:56908
Begin MonoManager ReloadAssembly
Registering precompiled unity dll's ...
Register platform support module: C:/Program Files/Unity/Hub/Editor/2020.3.25f1/Editor/Data/PlaybackEngines/WebGLSupport/UnityEditor.WebGL.Extensions.dll
Register platform support module: C:/Program Files/Unity/Hub/Editor/2020.3.25f1/Editor/Data/PlaybackEngines/WindowsStandaloneSupport/UnityEditor.WindowsStandalone.Extensions.dll
Registered in 0.004361 seconds.
Native extension for WindowsStandalone target not found
Native extension for WebGL target not found
Refreshing native plugins compatible for Editor in 55.03 ms, found 2 plugins.
Preloading 0 native plugins for Editor in 0.00 ms.
Mono: successfully reloaded assembly
- Completed reload, in  1.076 seconds
Domain Reload Profiling:
	ReloadAssembly (1077ms)
		BeginReloadAssembly (106ms)
			ExecutionOrderSort (0ms)
			DisableScriptedObjects (0ms)
			BackupInstance (0ms)
			ReleaseScriptingObjects (0ms)
			CreateAndSetChildDomain (1ms)
		EndReloadAssembly (822ms)
			LoadAssemblies (103ms)
			RebuildTransferFunctionScriptingTraits (0ms)
			SetupTypeCache (259ms)
			ReleaseScriptCaches (0ms)
			RebuildScriptCaches (52ms)
			SetupLoadedEditorAssemblies (306ms)
				LogAssemblyErrors (0ms)
				InitializePlatformSupportModulesInManaged (10ms)
				SetLoadedEditorAssemblies (0ms)
				RefreshPlugins (55ms)
				BeforeProcessingInitializeOnLoad (34ms)
				ProcessInitializeOnLoadAttributes (156ms)
				ProcessInitializeOnLoadMethodAttributes (50ms)
				AfterProcessingInitializeOnLoad (0ms)
				EditorAssembliesLoaded (0ms)
			ExecutionOrderSort2 (0ms)
			AwakeInstancesAfterBackupRestoration (0ms)
Platform modules already initialized, skipping
Registering precompiled user dll's ...
Registered in 0.007085 seconds.
Begin MonoManager ReloadAssembly
Native extension for WindowsStandalone target not found
Native extension for WebGL target not found
Refreshing native plugins compatible for Editor in 0.58 ms, found 2 plugins.
Preloading 0 native plugins for Editor in 0.00 ms.
Mono: successfully reloaded assembly
- Completed reload, in  1.896 seconds
Domain Reload Profiling:
	ReloadAssembly (1898ms)
		BeginReloadAssembly (280ms)
			ExecutionOrderSort (0ms)
			DisableScriptedObjects (9ms)
			BackupInstance (0ms)
			ReleaseScriptingObjects (0ms)
			CreateAndSetChildDomain (33ms)
		EndReloadAssembly (1497ms)
			LoadAssemblies (149ms)
			RebuildTransferFunctionScriptingTraits (0ms)
			SetupTypeCache (498ms)
			ReleaseScriptCaches (1ms)
			RebuildScriptCaches (76ms)
			SetupLoadedEditorAssemblies (598ms)
				LogAssemblyErrors (0ms)
				InitializePlatformSupportModulesInManaged (10ms)
				SetLoadedEditorAssemblies (1ms)
				RefreshPlugins (1ms)
				BeforeProcessingInitializeOnLoad (164ms)
				ProcessInitializeOnLoadAttributes (395ms)
				ProcessInitializeOnLoadMethodAttributes (16ms)
				AfterProcessingInitializeOnLoad (10ms)
				EditorAssembliesLoaded (1ms)
			ExecutionOrderSort2 (0ms)
			AwakeInstancesAfterBackupRestoration (12ms)
Platform modules already initialized, skipping
========================================================================
Worker process is ready to serve import requests
Launched and connected shader compiler UnityShaderCompiler.exe after 0.09 seconds
Refreshing native plugins compatible for Editor in 0.57 ms, found 2 plugins.
Preloading 0 native plugins for Editor in 0.00 ms.
Unloading 1510 Unused Serialized files (Serialized files now loaded: 0)
System memory in use before: 68.4 MB.
System memory in use after: 68.4 MB.

Unloading 19 unused Assets to reduce memory usage. Loaded Objects now: 1942.
Total: 5.333700 ms (FindLiveObjects: 0.217800 ms CreateObjectMapping: 0.065100 ms MarkObjects: 4.953800 ms  DeleteObjects: 0.095200 ms)

AssetImportParameters requested are different than current active one (requested -> active):
  custom:framework-win-MediaFoundation: 216162199b28c13a410421893ffa2e32 -> 
  custom:video-decoder-ogg-theora: a1e56fd34408186e4bbccfd4996cb3dc -> 
  custom:container-muxer-webm: aa71ff27fc2769a1b78a27578f13a17b -> 
  custom:container-demuxer-webm: 4f35f7cbe854078d1ac9338744f61a02 -> 
  custom:container-demuxer-ogg: 62fdf1f143b41e24485cea50d1cbac27 -> 
  custom:video-encoder-webm-vp8: eb34c28f22e8b96e1ab97ce403110664 -> 
  custom:video-decoder-webm-vp8: 9c59270c3fd7afecdb556c50c9e8de78 -> 
  custom:audio-decoder-ogg-vorbis: bf7c407c2cedff20999df2af8eb42d56 -> 
  custom:audio-encoder-webm-vorbis: bf7c407c2cedff20999df2af8eb42d56 -> 
========================================================================
Received Import Request.
  path: Assets/Scenes
  artifactKey: Guid(f109f46dd5e61b64eb041d9286cd0be3) Importer(815301076,1909f56bfc062723c751e8b465ee728b)
Start importing Assets/Scenes using Guid(f109f46dd5e61b64eb041d9286cd0be3) Importer(815301076,1909f56bfc062723c751e8b465ee728b)  -> (artifact id: '979b10cc7955c2eee3284bdad92469a1') in 0.020801 seconds 
  Import took 0.024957 seconds .

========================================================================
Received Import Request.
  Time since last request: 0.000440 seconds.
  path: Assets/Scenes/SampleScene.unity
  artifactKey: Guid(9fc0d4010bbf28b4594072e72b8655ab) Importer(815301076,1909f56bfc062723c751e8b465ee728b)
Start importing Assets/Scenes/SampleScene.unity using Guid(9fc0d4010bbf28b4594072e72b8655ab) Importer(815301076,1909f56bfc062723c751e8b465ee728b)  -> (artifact id: '44add5590ecd02c81fc9a3cda071b5ea') in 0.025765 seconds 
  Import took 0.029668 seconds .

========================================================================
Received Import Request.
  Time since last request: 474.881117 seconds.
  path: Assets/Scripts/StarIcon.png
  artifactKey: Guid(58ac77cd6b0a0054ab7f47e1e167580b) Importer(815301076,1909f56bfc062723c751e8b465ee728b)
Start importing Assets/Scripts/StarIcon.png using Guid(58ac77cd6b0a0054ab7f47e1e167580b) Importer(815301076,1909f56bfc062723c751e8b465ee728b)  -> (artifact id: '6986a1bea07ca46df9c953a45408a74f') in 0.208906 seconds 
  Import took 0.213846 seconds .

========================================================================
Received Import Request.
  Time since last request: 0.000486 seconds.
  path: Assets/Scripts
  artifactKey: Guid(d0a4e38e392e82c4ba7b33197496c781) Importer(815301076,1909f56bfc062723c751e8b465ee728b)
Start importing Assets/Scripts using Guid(d0a4e38e392e82c4ba7b33197496c781) Importer(815301076,1909f56bfc062723c751e8b465ee728b)  -> (artifact id: '6b116a8c65c4132e4b083403c7dd37ca') in 0.014499 seconds 
  Import took 0.018650 seconds .

========================================================================
Received Import Request.
  Time since last request: 124.697685 seconds.
  path: Assets/Scripts/Editor/fish.png
  artifactKey: Guid(497aba0317a390d409cd8596eafb8779) Importer(815301076,1909f56bfc062723c751e8b465ee728b)
Start importing Assets/Scripts/Editor/fish.png using Guid(497aba0317a390d409cd8596eafb8779) Importer(815301076,1909f56bfc062723c751e8b465ee728b)  -> (artifact id: 'ffe0bd88178f0cf33bf0cb58484b8148') in 0.028207 seconds 
  Import took 0.032780 seconds .

========================================================================
Received Import Request.
  Time since last request: 0.000460 seconds.
  path: Assets/Scripts/Editor/IasminaUXML.uxml
  artifactKey: Guid(7f5f380c5e933ef489b0ae77d808a405) Importer(815301076,1909f56bfc062723c751e8b465ee728b)
Start importing Assets/Scripts/Editor/IasminaUXML.uxml using Guid(7f5f380c5e933ef489b0ae77d808a405) Importer(815301076,1909f56bfc062723c751e8b465ee728b)  -> (artifact id: '3876260c624f4d66c34e454ecd98ce72') in 0.032946 seconds 
  Import took 0.036575 seconds .

========================================================================
Received Import Request.
  Time since last request: 0.000397 seconds.
  path: Assets/Scripts/Editor
  artifactKey: Guid(2c26cff3628195841bee09a7f4063f44) Importer(815301076,1909f56bfc062723c751e8b465ee728b)
Start importing Assets/Scripts/Editor using Guid(2c26cff3628195841bee09a7f4063f44) Importer(815301076,1909f56bfc062723c751e8b465ee728b)  -> (artifact id: 'e8cfd028326c6fdb825458e57b309d19') in 0.015986 seconds 
  Import took 0.019711 seconds .

========================================================================
Received Import Request.
  Time since last request: 0.000337 seconds.
  path: Assets/Scripts/Editor/IasminaUSS.uss
  artifactKey: Guid(5b22a8ad558969f4eb4d249ee4e9afa8) Importer(815301076,1909f56bfc062723c751e8b465ee728b)
Start importing Assets/Scripts/Editor/IasminaUSS.uss using Guid(5b22a8ad558969f4eb4d249ee4e9afa8) Importer(815301076,1909f56bfc062723c751e8b465ee728b)  -> (artifact id: 'eeebea303188489116c0329ef623520b') in 0.022499 seconds 
  Import took 0.026792 seconds .

========================================================================
Received Import Request.
  Time since last request: 267.121734 seconds.
  path: Assets/Scripts/Week4
  artifactKey: Guid(73eb0f86fbf174f449955d68322f0096) Importer(815301076,1909f56bfc062723c751e8b465ee728b)
Start importing Assets/Scripts/Week4 using Guid(73eb0f86fbf174f449955d68322f0096) Importer(815301076,1909f56bfc062723c751e8b465ee728b)  -> (artifact id: '793aa3f5c74b65a72088e0a17eac1d97') in 0.021065 seconds 
  Import took 0.025487 seconds .

========================================================================
Received Import Request.
  Time since last request: 1.432709 seconds.
  path: Assets/Scripts/Week4/BasicSphereGizmo.cs
  artifactKey: Guid(3d9c2bd04773f5a45803e7e4b6c1975e) Importer(815301076,1909f56bfc062723c751e8b465ee728b)
Start importing Assets/Scripts/Week4/BasicSphereGizmo.cs using Guid(3d9c2bd04773f5a45803e7e4b6c1975e) Importer(815301076,1909f56bfc062723c751e8b465ee728b)  -> (artifact id: 'c7a9f667bd88e9c9226d27b728524d49') in 0.026710 seconds 
  Import took 0.031406 seconds .

========================================================================
Received Import Request.
  Time since last request: 342.119534 seconds.
  path: Assets/Scripts/Week4/MyComponentW4.cs
  artifactKey: Guid(5ec01eb292fad8e41be7f59561fbeb66) Importer(815301076,1909f56bfc062723c751e8b465ee728b)
Start importing Assets/Scripts/Week4/MyComponentW4.cs using Guid(5ec01eb292fad8e41be7f59561fbeb66) Importer(815301076,1909f56bfc062723c751e8b465ee728b)  -> (artifact id: 'ea497087adceebe3e6df3c63feb744d8') in 0.035618 seconds 
  Import took 0.041523 seconds .

AssetImportWorkerClient::OnTransportError - code=2 error=End of file
